--------------- Build Started: 10/09/2018 18:29:16 Project: GRBL, Configuration: ARM GCC 5.4-2016-q2-update Debug ---------------
cydsfit.exe -.appdatapath "C:\Users\Kozak\AppData\Local\Cypress Semiconductor\PSoC Creator\4.2" -.fdsnotice -.fdswarpdepfile=warp_dependencies.txt -.fdselabdepfile=elab_dependencies.txt -.fdsbldfile=generated_files.txt -.fdsreffile=referenced_files.txt -p C:\My\SmartChess\GRBL.cydsn\GRBL.cyprj -d CY8C4248LQI-BL583 -s C:\My\SmartChess\GRBL.cydsn\Generated_Source\PSoC4 -- -yv2 -q10 -ygs -o2 -v3 -.fftcfgtype=LE
Elaborating Design...
HDL Generation...
Synthesis...
Tech Mapping...
Analog Placement...
Analog Routing...
Analog Code Generation...
Digital Placement...
Digital Routing...
Bitstream Generation...
Bitstream Verification...
Static timing analysis...
Warning: sta.M0019: GRBL_timing.html: Warning-1366: Setup time violation found in a path from clock ( CyHFClk ) to clock ( UART_IntClock ). (File=C:\My\SmartChess\GRBL.cydsn\GRBL_timing.html)
API Generation...
Dependency Generation...
Cleanup...
arm-none-eabi-gcc.exe -mcpu=cortex-m0 -mthumb -I.\GRBL_Files -I. -IGenerated_Source\PSoC4 -Wa,-alh=.\CortexM0\ARM_GCC_541\Debug/main.lst -g -D DEBUG -D CY_CORE_ID=0 -Wall -ffunction-sections -ffat-lto-objects -Og -c main.c -o .\CortexM0\ARM_GCC_541\Debug\main.o
arm-none-eabi-gcc.exe -mcpu=cortex-m0 -mthumb -I.\GRBL_Files -I. -IGenerated_Source\PSoC4 -Wa,-alh=.\CortexM0\ARM_GCC_541\Debug/coolant_control.lst -g -D DEBUG -D CY_CORE_ID=0 -Wall -ffunction-sections -ffat-lto-objects -Og -c GRBL_Files\coolant_control.c -o .\CortexM0\ARM_GCC_541\Debug\coolant_control.o
arm-none-eabi-gcc.exe -mcpu=cortex-m0 -mthumb -I.\GRBL_Files -I. -IGenerated_Source\PSoC4 -Wa,-alh=.\CortexM0\ARM_GCC_541\Debug/eeprom.lst -g -D DEBUG -D CY_CORE_ID=0 -Wall -ffunction-sections -ffat-lto-objects -Og -c GRBL_Files\eeprom.c -o .\CortexM0\ARM_GCC_541\Debug\eeprom.o
arm-none-eabi-gcc.exe -mcpu=cortex-m0 -mthumb -I.\GRBL_Files -I. -IGenerated_Source\PSoC4 -Wa,-alh=.\CortexM0\ARM_GCC_541\Debug/gcode.lst -g -D DEBUG -D CY_CORE_ID=0 -Wall -ffunction-sections -ffat-lto-objects -Og -c GRBL_Files\gcode.c -o .\CortexM0\ARM_GCC_541\Debug\gcode.o
arm-none-eabi-gcc.exe -mcpu=cortex-m0 -mthumb -I.\GRBL_Files -I. -IGenerated_Source\PSoC4 -Wa,-alh=.\CortexM0\ARM_GCC_541\Debug/jog.lst -g -D DEBUG -D CY_CORE_ID=0 -Wall -ffunction-sections -ffat-lto-objects -Og -c GRBL_Files\jog.c -o .\CortexM0\ARM_GCC_541\Debug\jog.o
arm-none-eabi-gcc.exe -mcpu=cortex-m0 -mthumb -I.\GRBL_Files -I. -IGenerated_Source\PSoC4 -Wa,-alh=.\CortexM0\ARM_GCC_541\Debug/motion_control.lst -g -D DEBUG -D CY_CORE_ID=0 -Wall -ffunction-sections -ffat-lto-objects -Og -c GRBL_Files\motion_control.c -o .\CortexM0\ARM_GCC_541\Debug\motion_control.o
arm-none-eabi-gcc.exe -mcpu=cortex-m0 -mthumb -I.\GRBL_Files -I. -IGenerated_Source\PSoC4 -Wa,-alh=.\CortexM0\ARM_GCC_541\Debug/nuts_bolts.lst -g -D DEBUG -D CY_CORE_ID=0 -Wall -ffunction-sections -ffat-lto-objects -Og -c GRBL_Files\nuts_bolts.c -o .\CortexM0\ARM_GCC_541\Debug\nuts_bolts.o
arm-none-eabi-gcc.exe -mcpu=cortex-m0 -mthumb -I.\GRBL_Files -I. -IGenerated_Source\PSoC4 -Wa,-alh=.\CortexM0\ARM_GCC_541\Debug/planner.lst -g -D DEBUG -D CY_CORE_ID=0 -Wall -ffunction-sections -ffat-lto-objects -Og -c GRBL_Files\planner.c -o .\CortexM0\ARM_GCC_541\Debug\planner.o
arm-none-eabi-gcc.exe -mcpu=cortex-m0 -mthumb -I.\GRBL_Files -I. -IGenerated_Source\PSoC4 -Wa,-alh=.\CortexM0\ARM_GCC_541\Debug/print.lst -g -D DEBUG -D CY_CORE_ID=0 -Wall -ffunction-sections -ffat-lto-objects -Og -c GRBL_Files\print.c -o .\CortexM0\ARM_GCC_541\Debug\print.o
arm-none-eabi-gcc.exe -mcpu=cortex-m0 -mthumb -I.\GRBL_Files -I. -IGenerated_Source\PSoC4 -Wa,-alh=.\CortexM0\ARM_GCC_541\Debug/probe.lst -g -D DEBUG -D CY_CORE_ID=0 -Wall -ffunction-sections -ffat-lto-objects -Og -c GRBL_Files\probe.c -o .\CortexM0\ARM_GCC_541\Debug\probe.o
arm-none-eabi-gcc.exe -mcpu=cortex-m0 -mthumb -I.\GRBL_Files -I. -IGenerated_Source\PSoC4 -Wa,-alh=.\CortexM0\ARM_GCC_541\Debug/protocol.lst -g -D DEBUG -D CY_CORE_ID=0 -Wall -ffunction-sections -ffat-lto-objects -Og -c GRBL_Files\protocol.c -o .\CortexM0\ARM_GCC_541\Debug\protocol.o
arm-none-eabi-gcc.exe -mcpu=cortex-m0 -mthumb -I.\GRBL_Files -I. -IGenerated_Source\PSoC4 -Wa,-alh=.\CortexM0\ARM_GCC_541\Debug/report.lst -g -D DEBUG -D CY_CORE_ID=0 -Wall -ffunction-sections -ffat-lto-objects -Og -c GRBL_Files\report.c -o .\CortexM0\ARM_GCC_541\Debug\report.o
arm-none-eabi-gcc.exe -mcpu=cortex-m0 -mthumb -I.\GRBL_Files -I. -IGenerated_Source\PSoC4 -Wa,-alh=.\CortexM0\ARM_GCC_541\Debug/serial.lst -g -D DEBUG -D CY_CORE_ID=0 -Wall -ffunction-sections -ffat-lto-objects -Og -c GRBL_Files\serial.c -o .\CortexM0\ARM_GCC_541\Debug\serial.o
arm-none-eabi-gcc.exe -mcpu=cortex-m0 -mthumb -I.\GRBL_Files -I. -IGenerated_Source\PSoC4 -Wa,-alh=.\CortexM0\ARM_GCC_541\Debug/settings.lst -g -D DEBUG -D CY_CORE_ID=0 -Wall -ffunction-sections -ffat-lto-objects -Og -c GRBL_Files\settings.c -o .\CortexM0\ARM_GCC_541\Debug\settings.o
arm-none-eabi-gcc.exe -mcpu=cortex-m0 -mthumb -I.\GRBL_Files -I. -IGenerated_Source\PSoC4 -Wa,-alh=.\CortexM0\ARM_GCC_541\Debug/stepper.lst -g -D DEBUG -D CY_CORE_ID=0 -Wall -ffunction-sections -ffat-lto-objects -Og -c GRBL_Files\stepper.c -o .\CortexM0\ARM_GCC_541\Debug\stepper.o
arm-none-eabi-gcc.exe -mcpu=cortex-m0 -mthumb -I.\GRBL_Files -I. -IGenerated_Source\PSoC4 -Wa,-alh=.\CortexM0\ARM_GCC_541\Debug/system.lst -g -D DEBUG -D CY_CORE_ID=0 -Wall -ffunction-sections -ffat-lto-objects -Og -c GRBL_Files\system.c -o .\CortexM0\ARM_GCC_541\Debug\system.o
arm-none-eabi-gcc.exe -mcpu=cortex-m0 -mthumb -I.\GRBL_Files -I. -IGenerated_Source\PSoC4 -Wa,-alh=.\CortexM0\ARM_GCC_541\Debug/limits_switches.lst -g -D DEBUG -D CY_CORE_ID=0 -Wall -ffunction-sections -ffat-lto-objects -Og -c GRBL_Files\limits_switches.c -o .\CortexM0\ARM_GCC_541\Debug\limits_switches.o
arm-none-eabi-gcc.exe -mcpu=cortex-m0 -mthumb -I.\GRBL_Files -I. -IGenerated_Source\PSoC4 -Wa,-alh=.\CortexM0\ARM_GCC_541\Debug/cyfitter_cfg.lst -g -D DEBUG -D CY_CORE_ID=0 -Wall -ffunction-sections -ffat-lto-objects -Og -c Generated_Source\PSoC4\cyfitter_cfg.c -o .\CortexM0\ARM_GCC_541\Debug\cyfitter_cfg.o
arm-none-eabi-gcc.exe -mcpu=cortex-m0 -mthumb -I.\GRBL_Files -I. -IGenerated_Source\PSoC4 -Wa,-alh=.\CortexM0\ARM_GCC_541\Debug/Rx_Int.lst -g -D DEBUG -D CY_CORE_ID=0 -Wall -ffunction-sections -ffat-lto-objects -Og -c Generated_Source\PSoC4\Rx_Int.c -o .\CortexM0\ARM_GCC_541\Debug\Rx_Int.o
arm-none-eabi-gcc.exe -mcpu=cortex-m0 -mthumb -I.\GRBL_Files -I. -IGenerated_Source\PSoC4 -Wa,-alh=.\CortexM0\ARM_GCC_541\Debug/Tx_Int.lst -g -D DEBUG -D CY_CORE_ID=0 -Wall -ffunction-sections -ffat-lto-objects -Og -c Generated_Source\PSoC4\Tx_Int.c -o .\CortexM0\ARM_GCC_541\Debug\Tx_Int.o
arm-none-eabi-gcc.exe -mcpu=cortex-m0 -mthumb -I.\GRBL_Files -I. -IGenerated_Source\PSoC4 -Wa,-alh=.\CortexM0\ARM_GCC_541\Debug/Timer0.lst -g -D DEBUG -D CY_CORE_ID=0 -Wall -ffunction-sections -ffat-lto-objects -Og -c Generated_Source\PSoC4\Timer0.c -o .\CortexM0\ARM_GCC_541\Debug\Timer0.o
arm-none-eabi-gcc.exe -mcpu=cortex-m0 -mthumb -I.\GRBL_Files -I. -IGenerated_Source\PSoC4 -Wa,-alh=.\CortexM0\ARM_GCC_541\Debug/Timer0_PM.lst -g -D DEBUG -D CY_CORE_ID=0 -Wall -ffunction-sections -ffat-lto-objects -Og -c Generated_Source\PSoC4\Timer0_PM.c -o .\CortexM0\ARM_GCC_541\Debug\Timer0_PM.o
arm-none-eabi-gcc.exe -mcpu=cortex-m0 -mthumb -I.\GRBL_Files -I. -IGenerated_Source\PSoC4 -Wa,-alh=.\CortexM0\ARM_GCC_541\Debug/Timer1_Comp_Int.lst -g -D DEBUG -D CY_CORE_ID=0 -Wall -ffunction-sections -ffat-lto-objects -Og -c Generated_Source\PSoC4\Timer1_Comp_Int.c -o .\CortexM0\ARM_GCC_541\Debug\Timer1_Comp_Int.o
arm-none-eabi-gcc.exe -mcpu=cortex-m0 -mthumb -I.\GRBL_Files -I. -IGenerated_Source\PSoC4 -Wa,-alh=.\CortexM0\ARM_GCC_541\Debug/Clock0.lst -g -D DEBUG -D CY_CORE_ID=0 -Wall -ffunction-sections -ffat-lto-objects -Og -c Generated_Source\PSoC4\Clock0.c -o .\CortexM0\ARM_GCC_541\Debug\Clock0.o
arm-none-eabi-gcc.exe -mcpu=cortex-m0 -mthumb -I.\GRBL_Files -I. -IGenerated_Source\PSoC4 -Wa,-alh=.\CortexM0\ARM_GCC_541\Debug/Clock1.lst -g -D DEBUG -D CY_CORE_ID=0 -Wall -ffunction-sections -ffat-lto-objects -Og -c Generated_Source\PSoC4\Clock1.c -o .\CortexM0\ARM_GCC_541\Debug\Clock1.o
arm-none-eabi-gcc.exe -mcpu=cortex-m0 -mthumb -I.\GRBL_Files -I. -IGenerated_Source\PSoC4 -Wa,-alh=.\CortexM0\ARM_GCC_541\Debug/Timer0_Comp_Int.lst -g -D DEBUG -D CY_CORE_ID=0 -Wall -ffunction-sections -ffat-lto-objects -Og -c Generated_Source\PSoC4\Timer0_Comp_Int.c -o .\CortexM0\ARM_GCC_541\Debug\Timer0_Comp_Int.o
arm-none-eabi-gcc.exe -mcpu=cortex-m0 -mthumb -I.\GRBL_Files -I. -IGenerated_Source\PSoC4 -Wa,-alh=.\CortexM0\ARM_GCC_541\Debug/Timer1.lst -g -D DEBUG -D CY_CORE_ID=0 -Wall -ffunction-sections -ffat-lto-objects -Og -c Generated_Source\PSoC4\Timer1.c -o .\CortexM0\ARM_GCC_541\Debug\Timer1.o
arm-none-eabi-gcc.exe -mcpu=cortex-m0 -mthumb -I.\GRBL_Files -I. -IGenerated_Source\PSoC4 -Wa,-alh=.\CortexM0\ARM_GCC_541\Debug/Timer1_PM.lst -g -D DEBUG -D CY_CORE_ID=0 -Wall -ffunction-sections -ffat-lto-objects -Og -c Generated_Source\PSoC4\Timer1_PM.c -o .\CortexM0\ARM_GCC_541\Debug\Timer1_PM.o
arm-none-eabi-gcc.exe -mcpu=cortex-m0 -mthumb -I.\GRBL_Files -I. -IGenerated_Source\PSoC4 -Wa,-alh=.\CortexM0\ARM_GCC_541\Debug/Timer0_Ovf_Int.lst -g -D DEBUG -D CY_CORE_ID=0 -Wall -ffunction-sections -ffat-lto-objects -Og -c Generated_Source\PSoC4\Timer0_Ovf_Int.c -o .\CortexM0\ARM_GCC_541\Debug\Timer0_Ovf_Int.o
arm-none-eabi-gcc.exe -mcpu=cortex-m0 -mthumb -I.\GRBL_Files -I. -IGenerated_Source\PSoC4 -Wa,-alh=.\CortexM0\ARM_GCC_541\Debug/Stepper_Pins.lst -g -D DEBUG -D CY_CORE_ID=0 -Wall -ffunction-sections -ffat-lto-objects -Og -c Generated_Source\PSoC4\Stepper_Pins.c -o .\CortexM0\ARM_GCC_541\Debug\Stepper_Pins.o
arm-none-eabi-gcc.exe -mcpu=cortex-m0 -mthumb -I.\GRBL_Files -I. -IGenerated_Source\PSoC4 -Wa,-alh=.\CortexM0\ARM_GCC_541\Debug/Stepper_Pins_PM.lst -g -D DEBUG -D CY_CORE_ID=0 -Wall -ffunction-sections -ffat-lto-objects -Og -c Generated_Source\PSoC4\Stepper_Pins_PM.c -o .\CortexM0\ARM_GCC_541\Debug\Stepper_Pins_PM.o
arm-none-eabi-gcc.exe -mcpu=cortex-m0 -mthumb -I.\GRBL_Files -I. -IGenerated_Source\PSoC4 -Wa,-alh=.\CortexM0\ARM_GCC_541\Debug/Limit_Pins.lst -g -D DEBUG -D CY_CORE_ID=0 -Wall -ffunction-sections -ffat-lto-objects -Og -c Generated_Source\PSoC4\Limit_Pins.c -o .\CortexM0\ARM_GCC_541\Debug\Limit_Pins.o
arm-none-eabi-gcc.exe -mcpu=cortex-m0 -mthumb -I.\GRBL_Files -I. -IGenerated_Source\PSoC4 -Wa,-alh=.\CortexM0\ARM_GCC_541\Debug/Limit_Pins_PM.lst -g -D DEBUG -D CY_CORE_ID=0 -Wall -ffunction-sections -ffat-lto-objects -Og -c Generated_Source\PSoC4\Limit_Pins_PM.c -o .\CortexM0\ARM_GCC_541\Debug\Limit_Pins_PM.o
arm-none-eabi-gcc.exe -mcpu=cortex-m0 -mthumb -I.\GRBL_Files -I. -IGenerated_Source\PSoC4 -Wa,-alh=.\CortexM0\ARM_GCC_541\Debug/Control_Pins.lst -g -D DEBUG -D CY_CORE_ID=0 -Wall -ffunction-sections -ffat-lto-objects -Og -c Generated_Source\PSoC4\Control_Pins.c -o .\CortexM0\ARM_GCC_541\Debug\Control_Pins.o
arm-none-eabi-gcc.exe -mcpu=cortex-m0 -mthumb -I.\GRBL_Files -I. -IGenerated_Source\PSoC4 -Wa,-alh=.\CortexM0\ARM_GCC_541\Debug/Control_Pins_PM.lst -g -D DEBUG -D CY_CORE_ID=0 -Wall -ffunction-sections -ffat-lto-objects -Og -c Generated_Source\PSoC4\Control_Pins_PM.c -o .\CortexM0\ARM_GCC_541\Debug\Control_Pins_PM.o
arm-none-eabi-gcc.exe -mcpu=cortex-m0 -mthumb -I.\GRBL_Files -I. -IGenerated_Source\PSoC4 -Wa,-alh=.\CortexM0\ARM_GCC_541\Debug/Limit_Int.lst -g -D DEBUG -D CY_CORE_ID=0 -Wall -ffunction-sections -ffat-lto-objects -Og -c Generated_Source\PSoC4\Limit_Int.c -o .\CortexM0\ARM_GCC_541\Debug\Limit_Int.o
arm-none-eabi-gcc.exe -mcpu=cortex-m0 -mthumb -I.\GRBL_Files -I. -IGenerated_Source\PSoC4 -Wa,-alh=.\CortexM0\ARM_GCC_541\Debug/Control_Int.lst -g -D DEBUG -D CY_CORE_ID=0 -Wall -ffunction-sections -ffat-lto-objects -Og -c Generated_Source\PSoC4\Control_Int.c -o .\CortexM0\ARM_GCC_541\Debug\Control_Int.o
arm-none-eabi-gcc.exe -mcpu=cortex-m0 -mthumb -I.\GRBL_Files -I. -IGenerated_Source\PSoC4 -Wa,-alh=.\CortexM0\ARM_GCC_541\Debug/UART.lst -g -D DEBUG -D CY_CORE_ID=0 -Wall -ffunction-sections -ffat-lto-objects -Og -c Generated_Source\PSoC4\UART.c -o .\CortexM0\ARM_GCC_541\Debug\UART.o
arm-none-eabi-gcc.exe -mcpu=cortex-m0 -mthumb -I.\GRBL_Files -I. -IGenerated_Source\PSoC4 -Wa,-alh=.\CortexM0\ARM_GCC_541\Debug/UART_PM.lst -g -D DEBUG -D CY_CORE_ID=0 -Wall -ffunction-sections -ffat-lto-objects -Og -c Generated_Source\PSoC4\UART_PM.c -o .\CortexM0\ARM_GCC_541\Debug\UART_PM.o
arm-none-eabi-gcc.exe -mcpu=cortex-m0 -mthumb -I.\GRBL_Files -I. -IGenerated_Source\PSoC4 -Wa,-alh=.\CortexM0\ARM_GCC_541\Debug/UART_INT.lst -g -D DEBUG -D CY_CORE_ID=0 -Wall -ffunction-sections -ffat-lto-objects -Og -c Generated_Source\PSoC4\UART_INT.c -o .\CortexM0\ARM_GCC_541\Debug\UART_INT.o
arm-none-eabi-gcc.exe -mcpu=cortex-m0 -mthumb -I.\GRBL_Files -I. -IGenerated_Source\PSoC4 -Wa,-alh=.\CortexM0\ARM_GCC_541\Debug/UART_BOOT.lst -g -D DEBUG -D CY_CORE_ID=0 -Wall -ffunction-sections -ffat-lto-objects -Og -c Generated_Source\PSoC4\UART_BOOT.c -o .\CortexM0\ARM_GCC_541\Debug\UART_BOOT.o
arm-none-eabi-gcc.exe -mcpu=cortex-m0 -mthumb -I.\GRBL_Files -I. -IGenerated_Source\PSoC4 -Wa,-alh=.\CortexM0\ARM_GCC_541\Debug/WDT_Int.lst -g -D DEBUG -D CY_CORE_ID=0 -Wall -ffunction-sections -ffat-lto-objects -Og -c Generated_Source\PSoC4\WDT_Int.c -o .\CortexM0\ARM_GCC_541\Debug\WDT_Int.o
arm-none-eabi-gcc.exe -mcpu=cortex-m0 -mthumb -I.\GRBL_Files -I. -IGenerated_Source\PSoC4 -Wa,-alh=.\CortexM0\ARM_GCC_541\Debug/Em_EEPROM.lst -g -D DEBUG -D CY_CORE_ID=0 -Wall -ffunction-sections -ffat-lto-objects -Og -c Generated_Source\PSoC4\Em_EEPROM.c -o .\CortexM0\ARM_GCC_541\Debug\Em_EEPROM.o
arm-none-eabi-gcc.exe -mcpu=cortex-m0 -mthumb -I.\GRBL_Files -I. -IGenerated_Source\PSoC4 -Wa,-alh=.\CortexM0\ARM_GCC_541\Debug/UART_IntClock.lst -g -D DEBUG -D CY_CORE_ID=0 -Wall -ffunction-sections -ffat-lto-objects -Og -c Generated_Source\PSoC4\UART_IntClock.c -o .\CortexM0\ARM_GCC_541\Debug\UART_IntClock.o
arm-none-eabi-gcc.exe -mcpu=cortex-m0 -mthumb -I.\GRBL_Files -I. -IGenerated_Source\PSoC4 -Wa,-alh=.\CortexM0\ARM_GCC_541\Debug/Cm0Start.lst -g -D DEBUG -D CY_CORE_ID=0 -Wall -ffunction-sections -ffat-lto-objects -Og -c Generated_Source\PSoC4\Cm0Start.c -o .\CortexM0\ARM_GCC_541\Debug\Cm0Start.o
arm-none-eabi-gcc.exe -mcpu=cortex-m0 -mthumb -I.\GRBL_Files -I. -IGenerated_Source\PSoC4 -Wa,-alh=.\CortexM0\ARM_GCC_541\Debug/CyFlash.lst -g -D DEBUG -D CY_CORE_ID=0 -Wall -ffunction-sections -ffat-lto-objects -Og -c Generated_Source\PSoC4\CyFlash.c -o .\CortexM0\ARM_GCC_541\Debug\CyFlash.o
arm-none-eabi-gcc.exe -mcpu=cortex-m0 -mthumb -I.\GRBL_Files -I. -IGenerated_Source\PSoC4 -Wa,-alh=.\CortexM0\ARM_GCC_541\Debug/CyLib.lst -g -D DEBUG -D CY_CORE_ID=0 -Wall -ffunction-sections -ffat-lto-objects -Og -c Generated_Source\PSoC4\CyLib.c -o .\CortexM0\ARM_GCC_541\Debug\CyLib.o
arm-none-eabi-gcc.exe -mcpu=cortex-m0 -mthumb -I.\GRBL_Files -I. -IGenerated_Source\PSoC4 -Wa,-alh=.\CortexM0\ARM_GCC_541\Debug/cyPm.lst -g -D DEBUG -D CY_CORE_ID=0 -Wall -ffunction-sections -ffat-lto-objects -Og -c Generated_Source\PSoC4\cyPm.c -o .\CortexM0\ARM_GCC_541\Debug\cyPm.o
arm-none-eabi-gcc.exe -mcpu=cortex-m0 -mthumb -I.\GRBL_Files -I. -IGenerated_Source\PSoC4 -Wa,-alh=.\CortexM0\ARM_GCC_541\Debug/cyutils.lst -g -D DEBUG -D CY_CORE_ID=0 -Wall -ffunction-sections -ffat-lto-objects -Og -c Generated_Source\PSoC4\cyutils.c -o .\CortexM0\ARM_GCC_541\Debug\cyutils.o
arm-none-eabi-gcc.exe -mcpu=cortex-m0 -mthumb -I.\GRBL_Files -I. -IGenerated_Source\PSoC4 -Wa,-alh=.\CortexM0\ARM_GCC_541\Debug/CyDMA.lst -g -D DEBUG -D CY_CORE_ID=0 -Wall -ffunction-sections -ffat-lto-objects -Og -c Generated_Source\PSoC4\CyDMA.c -o .\CortexM0\ARM_GCC_541\Debug\CyDMA.o
arm-none-eabi-gcc.exe -mcpu=cortex-m0 -mthumb -I.\GRBL_Files -I. -IGenerated_Source\PSoC4 -Wa,-alh=.\CortexM0\ARM_GCC_541\Debug/CyLFClk.lst -g -D DEBUG -D CY_CORE_ID=0 -Wall -ffunction-sections -ffat-lto-objects -Og -c Generated_Source\PSoC4\CyLFClk.c -o .\CortexM0\ARM_GCC_541\Debug\CyLFClk.o
arm-none-eabi-gcc.exe -mcpu=cortex-m0 -mthumb -I.\GRBL_Files -I. -IGenerated_Source\PSoC4 -Wa,-alh=.\CortexM0\ARM_GCC_541\Debug/cy_em_eeprom.lst -g -D DEBUG -D CY_CORE_ID=0 -Wall -ffunction-sections -ffat-lto-objects -Og -c Generated_Source\PSoC4\cy_em_eeprom.c -o .\CortexM0\ARM_GCC_541\Debug\cy_em_eeprom.o
arm-none-eabi-gcc.exe -mcpu=cortex-m0 -mthumb -I.\GRBL_Files -I. -IGenerated_Source\PSoC4 -Wa,-alh=.\CortexM0\ARM_GCC_541\Debug/Debug_Red_Pin.lst -g -D DEBUG -D CY_CORE_ID=0 -Wall -ffunction-sections -ffat-lto-objects -Og -c Generated_Source\PSoC4\Debug_Red_Pin.c -o .\CortexM0\ARM_GCC_541\Debug\Debug_Red_Pin.o
arm-none-eabi-gcc.exe -mcpu=cortex-m0 -mthumb -I.\GRBL_Files -I. -IGenerated_Source\PSoC4 -Wa,-alh=.\CortexM0\ARM_GCC_541\Debug/Debug_Red_Pin_PM.lst -g -D DEBUG -D CY_CORE_ID=0 -Wall -ffunction-sections -ffat-lto-objects -Og -c Generated_Source\PSoC4\Debug_Red_Pin_PM.c -o .\CortexM0\ARM_GCC_541\Debug\Debug_Red_Pin_PM.o
arm-none-eabi-as.exe -mcpu=cortex-m0 -mthumb -I. -IGenerated_Source\PSoC4 -alh=.\CortexM0\ARM_GCC_541\Debug/CyBootAsmGnu.lst -g -W -o .\CortexM0\ARM_GCC_541\Debug\CyBootAsmGnu.o Generated_Source\PSoC4\CyBootAsmGnu.s
arm-none-eabi-ar.exe -rs .\CortexM0\ARM_GCC_541\Debug\GRBL.a .\CortexM0\ARM_GCC_541\Debug\Rx_Int.o .\CortexM0\ARM_GCC_541\Debug\Tx_Int.o .\CortexM0\ARM_GCC_541\Debug\Timer0.o .\CortexM0\ARM_GCC_541\Debug\Timer0_PM.o .\CortexM0\ARM_GCC_541\Debug\Timer1_Comp_Int.o .\CortexM0\ARM_GCC_541\Debug\Clock0.o .\CortexM0\ARM_GCC_541\Debug\Clock1.o .\CortexM0\ARM_GCC_541\Debug\Timer0_Comp_Int.o .\CortexM0\ARM_GCC_541\Debug\Timer1.o .\CortexM0\ARM_GCC_541\Debug\Timer1_PM.o .\CortexM0\ARM_GCC_541\Debug\Timer0_Ovf_Int.o .\CortexM0\ARM_GCC_541\Debug\Stepper_Pins.o .\CortexM0\ARM_GCC_541\Debug\Stepper_Pins_PM.o .\CortexM0\ARM_GCC_541\Debug\Limit_Pins.o .\CortexM0\ARM_GCC_541\Debug\Limit_Pins_PM.o .\CortexM0\ARM_GCC_541\Debug\Control_Pins.o .\CortexM0\ARM_GCC_541\Debug\Control_Pins_PM.o .\CortexM0\ARM_GCC_541\Debug\Limit_Int.o .\CortexM0\ARM_GCC_541\Debug\Control_Int.o .\CortexM0\ARM_GCC_541\Debug\UART.o .\CortexM0\ARM_GCC_541\Debug\UART_PM.o .\CortexM0\ARM_GCC_541\Debug\UART_INT.o .\CortexM0\ARM_GCC_541\Debug\UART_BOOT.o .\CortexM0\ARM_GCC_541\Debug\WDT_Int.o .\CortexM0\ARM_GCC_541\Debug\Em_EEPROM.o .\CortexM0\ARM_GCC_541\Debug\UART_IntClock.o .\CortexM0\ARM_GCC_541\Debug\CyFlash.o .\CortexM0\ARM_GCC_541\Debug\CyLib.o .\CortexM0\ARM_GCC_541\Debug\cyPm.o .\CortexM0\ARM_GCC_541\Debug\cyutils.o .\CortexM0\ARM_GCC_541\Debug\CyDMA.o .\CortexM0\ARM_GCC_541\Debug\CyLFClk.o .\CortexM0\ARM_GCC_541\Debug\cy_em_eeprom.o .\CortexM0\ARM_GCC_541\Debug\Debug_Red_Pin.o .\CortexM0\ARM_GCC_541\Debug\Debug_Red_Pin_PM.o .\CortexM0\ARM_GCC_541\Debug\CyBootAsmGnu.o
arm-none-eabi-ar.exe: creating .\CortexM0\ARM_GCC_541\Debug\GRBL.a
arm-none-eabi-gcc.exe -Wl,--start-group -o C:\My\SmartChess\GRBL.cydsn\CortexM0\ARM_GCC_541\Debug\GRBL.elf .\CortexM0\ARM_GCC_541\Debug\main.o .\CortexM0\ARM_GCC_541\Debug\coolant_control.o .\CortexM0\ARM_GCC_541\Debug\eeprom.o .\CortexM0\ARM_GCC_541\Debug\gcode.o .\CortexM0\ARM_GCC_541\Debug\jog.o .\CortexM0\ARM_GCC_541\Debug\motion_control.o .\CortexM0\ARM_GCC_541\Debug\nuts_bolts.o .\CortexM0\ARM_GCC_541\Debug\planner.o .\CortexM0\ARM_GCC_541\Debug\print.o .\CortexM0\ARM_GCC_541\Debug\probe.o .\CortexM0\ARM_GCC_541\Debug\protocol.o .\CortexM0\ARM_GCC_541\Debug\report.o .\CortexM0\ARM_GCC_541\Debug\serial.o .\CortexM0\ARM_GCC_541\Debug\settings.o .\CortexM0\ARM_GCC_541\Debug\spindle_control.o .\CortexM0\ARM_GCC_541\Debug\stepper.o .\CortexM0\ARM_GCC_541\Debug\system.o .\CortexM0\ARM_GCC_541\Debug\limits_switches.o .\CortexM0\ARM_GCC_541\Debug\cyfitter_cfg.o .\CortexM0\ARM_GCC_541\Debug\cymetadata.o .\CortexM0\ARM_GCC_541\Debug\Cm0Start.o .\CortexM0\ARM_GCC_541\Debug\GRBL.a -mcpu=cortex-m0 -mthumb -l m -L Generated_Source\PSoC4 -Wl,-Map,.\CortexM0\ARM_GCC_541\Debug/GRBL.map -T Generated_Source\PSoC4\cm0gcc.ld -specs=nano.specs -Wl,--gc-sections -g -ffunction-sections -Og -ffat-lto-objects -Wl,--end-group
cyelftool.exe -C C:\My\SmartChess\GRBL.cydsn\CortexM0\ARM_GCC_541\Debug\GRBL.elf --flash_row_size 256 --flash_size 262144 --flash_offset 0x00000000
No ELF section .cychecksum found, creating one
Application checksum calculated and stored in ELF section .cychecksum
Checksum calculated and stored in ELF section .cymeta
cyelftool.exe -S C:\My\SmartChess\GRBL.cydsn\CortexM0\ARM_GCC_541\Debug\GRBL.elf
Flash used: 51520 of 262144 bytes (19.7%).
SRAM used: 4096 of 32768 bytes (12.5%). Stack: 2048 bytes. Heap: 128 bytes.
--------------- Build Succeeded: 10/09/2018 18:29:40 ---------------
