--------------- Clean Started: 01/11/2019 15:37:24 Project: GRBL, Configuration: ARM GCC 5.4-2016-q2-update Debug ---------------
Deleting file ".\CortexM0\ARM_GCC_541\Debug\main.o"
Deleting file ".\CortexM0\ARM_GCC_541\Debug\coolant_control.o"
Deleting file ".\CortexM0\ARM_GCC_541\Debug\eeprom.o"
Deleting file ".\CortexM0\ARM_GCC_541\Debug\gcode.o"
Deleting file ".\CortexM0\ARM_GCC_541\Debug\jog.o"
Deleting file ".\CortexM0\ARM_GCC_541\Debug\motion_control.o"
Deleting file ".\CortexM0\ARM_GCC_541\Debug\nuts_bolts.o"
Deleting file ".\CortexM0\ARM_GCC_541\Debug\planner.o"
Deleting file ".\CortexM0\ARM_GCC_541\Debug\print.o"
Deleting file ".\CortexM0\ARM_GCC_541\Debug\probe.o"
Deleting file ".\CortexM0\ARM_GCC_541\Debug\protocol.o"
Deleting file ".\CortexM0\ARM_GCC_541\Debug\report.o"
Deleting file ".\CortexM0\ARM_GCC_541\Debug\serial.o"
Deleting file ".\CortexM0\ARM_GCC_541\Debug\settings.o"
Deleting file ".\CortexM0\ARM_GCC_541\Debug\spindle_control.o"
Deleting file ".\CortexM0\ARM_GCC_541\Debug\stepper.o"
Deleting file ".\CortexM0\ARM_GCC_541\Debug\system.o"
Deleting file ".\CortexM0\ARM_GCC_541\Debug\limits_switches.o"
Deleting file ".\CortexM0\ARM_GCC_541\Debug\ble_control.o"
Deleting file ".\CortexM0\ARM_GCC_541\Debug\cyfitter_cfg.o"
Deleting file ".\CortexM0\ARM_GCC_541\Debug\cymetadata.o"
Deleting file ".\CortexM0\ARM_GCC_541\Debug\Timer1_Ovf_Int.o"
Deleting file ".\CortexM0\ARM_GCC_541\Debug\Timer0.o"
Deleting file ".\CortexM0\ARM_GCC_541\Debug\Timer0_PM.o"
Deleting file ".\CortexM0\ARM_GCC_541\Debug\Clock1.o"
Deleting file ".\CortexM0\ARM_GCC_541\Debug\Clock0.o"
Deleting file ".\CortexM0\ARM_GCC_541\Debug\Timer1.o"
Deleting file ".\CortexM0\ARM_GCC_541\Debug\Timer1_PM.o"
Deleting file ".\CortexM0\ARM_GCC_541\Debug\Timer0_Comp_Int.o"
Deleting file ".\CortexM0\ARM_GCC_541\Debug\Timer0_Ovf_Int.o"
Deleting file ".\CortexM0\ARM_GCC_541\Debug\Limit_Pins.o"
Deleting file ".\CortexM0\ARM_GCC_541\Debug\Limit_Pins_PM.o"
Deleting file ".\CortexM0\ARM_GCC_541\Debug\Control_Pins.o"
Deleting file ".\CortexM0\ARM_GCC_541\Debug\Control_Pins_PM.o"
Deleting file ".\CortexM0\ARM_GCC_541\Debug\Limit_Int.o"
Deleting file ".\CortexM0\ARM_GCC_541\Debug\Control_Int.o"
Deleting file ".\CortexM0\ARM_GCC_541\Debug\Pin_Step_X.o"
Deleting file ".\CortexM0\ARM_GCC_541\Debug\Pin_Step_X_PM.o"
Deleting file ".\CortexM0\ARM_GCC_541\Debug\Em_EEPROM.o"
Deleting file ".\CortexM0\ARM_GCC_541\Debug\Debug_Red_Pin.o"
Deleting file ".\CortexM0\ARM_GCC_541\Debug\Debug_Red_Pin_PM.o"
Deleting file ".\CortexM0\ARM_GCC_541\Debug\Control_Reg_Step.o"
Deleting file ".\CortexM0\ARM_GCC_541\Debug\Control_Reg_Step_PM.o"
Deleting file ".\CortexM0\ARM_GCC_541\Debug\Pin_Step_Z.o"
Deleting file ".\CortexM0\ARM_GCC_541\Debug\Pin_Step_Z_PM.o"
Deleting file ".\CortexM0\ARM_GCC_541\Debug\Pin_Step_Y.o"
Deleting file ".\CortexM0\ARM_GCC_541\Debug\Pin_Step_Y_PM.o"
Deleting file ".\CortexM0\ARM_GCC_541\Debug\Control_Reg_Direction.o"
Deleting file ".\CortexM0\ARM_GCC_541\Debug\Control_Reg_Direction_PM.o"
Deleting file ".\CortexM0\ARM_GCC_541\Debug\Pin_Direction_X.o"
Deleting file ".\CortexM0\ARM_GCC_541\Debug\Pin_Direction_X_PM.o"
Deleting file ".\CortexM0\ARM_GCC_541\Debug\Pin_Direction_Y.o"
Deleting file ".\CortexM0\ARM_GCC_541\Debug\Pin_Direction_Y_PM.o"
Deleting file ".\CortexM0\ARM_GCC_541\Debug\Pin_Direction_Z.o"
Deleting file ".\CortexM0\ARM_GCC_541\Debug\Pin_Direction_Z_PM.o"
Deleting file ".\CortexM0\ARM_GCC_541\Debug\BLE_Status_Pin.o"
Deleting file ".\CortexM0\ARM_GCC_541\Debug\BLE_Status_Pin_PM.o"
Deleting file ".\CortexM0\ARM_GCC_541\Debug\BLE.o"
Deleting file ".\CortexM0\ARM_GCC_541\Debug\BLE_gatt.o"
Deleting file ".\CortexM0\ARM_GCC_541\Debug\BLE_eventHandler.o"
Deleting file ".\CortexM0\ARM_GCC_541\Debug\BLE_HAL_INT.o"
Deleting file ".\CortexM0\ARM_GCC_541\Debug\BLE_HAL_PVT.o"
Deleting file ".\CortexM0\ARM_GCC_541\Debug\BLE_custom.o"
Deleting file ".\CortexM0\ARM_GCC_541\Debug\Servo_TCPWM.o"
Deleting file ".\CortexM0\ARM_GCC_541\Debug\Servo_TCPWM_PM.o"
Deleting file ".\CortexM0\ARM_GCC_541\Debug\UART.o"
Deleting file ".\CortexM0\ARM_GCC_541\Debug\UART_PM.o"
Deleting file ".\CortexM0\ARM_GCC_541\Debug\UART_BOOT.o"
Deleting file ".\CortexM0\ARM_GCC_541\Debug\UART_INT.o"
Deleting file ".\CortexM0\ARM_GCC_541\Debug\Servo_TCPWM2.o"
Deleting file ".\CortexM0\ARM_GCC_541\Debug\Servo_TCPWM2_PM.o"
Deleting file ".\CortexM0\ARM_GCC_541\Debug\Pseudo_Direction_Z.o"
Deleting file ".\CortexM0\ARM_GCC_541\Debug\Pseudo_Direction_Z_PM.o"
Deleting file ".\CortexM0\ARM_GCC_541\Debug\Clock_2.o"
Deleting file ".\CortexM0\ARM_GCC_541\Debug\Servo_TCPWM_Int.o"
Deleting file ".\CortexM0\ARM_GCC_541\Debug\Step_Pulse_Clock.o"
Deleting file ".\CortexM0\ARM_GCC_541\Debug\BLE_bless_isr.o"
Deleting file ".\CortexM0\ARM_GCC_541\Debug\Cm0Start.o"
Deleting file ".\CortexM0\ARM_GCC_541\Debug\CyFlash.o"
Deleting file ".\CortexM0\ARM_GCC_541\Debug\CyLib.o"
Deleting file ".\CortexM0\ARM_GCC_541\Debug\cyPm.o"
Deleting file ".\CortexM0\ARM_GCC_541\Debug\cyutils.o"
Deleting file ".\CortexM0\ARM_GCC_541\Debug\CyBootAsmGnu.o"
Deleting file ".\CortexM0\ARM_GCC_541\Debug\CyDMA.o"
Deleting file ".\CortexM0\ARM_GCC_541\Debug\CyLFClk.o"
Deleting file ".\CortexM0\ARM_GCC_541\Debug\cy_em_eeprom.o"
Deleting file ".\CortexM0\ARM_GCC_541\Debug\Tx_Int.o"
Deleting file ".\CortexM0\ARM_GCC_541\Debug\Rx_Int.o"
Deleting file ".\CortexM0\ARM_GCC_541\Debug\UART_IntClock.o"
Deleting file ".\CortexM0\ARM_GCC_541\Debug\GRBL.hex"
Deleting file ".\CortexM0\ARM_GCC_541\Debug\GRBL.elf"
Deleting file ".\CortexM0\ARM_GCC_541\Debug\GRBL.map"
Deleting file ".\GRBL.cycdx"
Deleting file ".\GRBL.svd"
Deleting file ".\GRBL.rpt"
Deleting file ".\GRBL_timing.html"
Deleting file ".\CortexM0\ARM_GCC_541\Debug\.deps\SOURCE_C__ARM_GCC_GENERIC.P"
Deleting file ".\CortexM0\ARM_GCC_541\Debug\.deps\SOURCE_ASM__ARM_GCC_GENERIC.P"
--------------- Clean Succeeded: 01/11/2019 15:37:24 ---------------
